Using pre-set license
Built from '2020.3/staging' branch; Version is '2020.3.19f1 (68f137dc9bbe) revision 6877495'; Using compiler version '192528614'; Build Type 'Release'
OS: 'Windows 10 Home; OS build 19043.1586; Version 2009; 64bit' Language: 'en' Physical Memory: 16326 MB
BatchMode: 1, IsHumanControllingUs: 0, StartBugReporterOnCrash: 0, Is64bit: 1, IsPro: 0

COMMAND LINE ARGUMENTS:
C:\Program Files\Unity\Hub\Editor\2020.3.19f1\Editor\Unity.exe
-adb2
-batchMode
-noUpm
-name
AssetImportWorker0
-projectPath
J:/UNity projects/Ecosystem Simulator
-logFile
Logs/AssetImportWorker0.log
-srvPort
63470
Successfully changed project path to: J:/UNity projects/Ecosystem Simulator
J:/UNity projects/Ecosystem Simulator
Using Asset Import Pipeline V2.
Refreshing native plugins compatible for Editor in 52.34 ms, found 2 plugins.
Preloading 0 native plugins for Editor in 0.00 ms.
Initialize engine version: 2020.3.19f1 (68f137dc9bbe)
[Subsystems] Discovering subsystems at path C:/Program Files/Unity/Hub/Editor/2020.3.19f1/Editor/Data/Resources/UnitySubsystems
[Subsystems] Discovering subsystems at path J:/UNity projects/Ecosystem Simulator/Assets
GfxDevice: creating device client; threaded=0
Direct3D:
    Version:  Direct3D 11.0 [level 11.1]
    Renderer: Radeon RX 570 Series (ID=0x67df)
    Vendor:   
    VRAM:     8171 MB
    Driver:   30.0.14029.5006
Initialize mono
Mono path[0] = 'C:/Program Files/Unity/Hub/Editor/2020.3.19f1/Editor/Data/Managed'
Mono path[1] = 'C:/Program Files/Unity/Hub/Editor/2020.3.19f1/Editor/Data/MonoBleedingEdge/lib/mono/unityjit'
Mono config path = 'C:/Program Files/Unity/Hub/Editor/2020.3.19f1/Editor/Data/MonoBleedingEdge/etc'
Using monoOptions --debugger-agent=transport=dt_socket,embedding=1,server=y,suspend=n,address=127.0.0.1:56148
Begin MonoManager ReloadAssembly
Registering precompiled unity dll's ...
Register platform support module: C:/Program Files/Unity/Hub/Editor/2020.3.19f1/Editor/Data/PlaybackEngines/WindowsStandaloneSupport/UnityEditor.WindowsStandalone.Extensions.dll
Registered in 0.001663 seconds.
Native extension for WindowsStandalone target not found
Refreshing native plugins compatible for Editor in 52.71 ms, found 2 plugins.
Preloading 0 native plugins for Editor in 0.00 ms.
Mono: successfully reloaded assembly
- Completed reload, in  0.991 seconds
Domain Reload Profiling:
	ReloadAssembly (991ms)
		BeginReloadAssembly (49ms)
			ExecutionOrderSort (0ms)
			DisableScriptedObjects (0ms)
			BackupInstance (0ms)
			ReleaseScriptingObjects (0ms)
			CreateAndSetChildDomain (1ms)
		EndReloadAssembly (423ms)
			LoadAssemblies (47ms)
			RebuildTransferFunctionScriptingTraits (0ms)
			SetupTypeCache (147ms)
			ReleaseScriptCaches (0ms)
			RebuildScriptCaches (29ms)
			SetupLoadedEditorAssemblies (176ms)
				LogAssemblyErrors (0ms)
				InitializePlatformSupportModulesInManaged (4ms)
				SetLoadedEditorAssemblies (0ms)
				RefreshPlugins (53ms)
				BeforeProcessingInitializeOnLoad (16ms)
				ProcessInitializeOnLoadAttributes (76ms)
				ProcessInitializeOnLoadMethodAttributes (27ms)
				AfterProcessingInitializeOnLoad (0ms)
				EditorAssembliesLoaded (0ms)
			ExecutionOrderSort2 (0ms)
			AwakeInstancesAfterBackupRestoration (0ms)
Platform modules already initialized, skipping
Registering precompiled user dll's ...
Registered in 0.002026 seconds.
Begin MonoManager ReloadAssembly
Native extension for WindowsStandalone target not found
Refreshing native plugins compatible for Editor in 51.22 ms, found 2 plugins.
Preloading 0 native plugins for Editor in 0.00 ms.
Mono: successfully reloaded assembly
- Completed reload, in  1.098 seconds
Domain Reload Profiling:
	ReloadAssembly (1099ms)
		BeginReloadAssembly (134ms)
			ExecutionOrderSort (0ms)
			DisableScriptedObjects (4ms)
			BackupInstance (0ms)
			ReleaseScriptingObjects (0ms)
			CreateAndSetChildDomain (16ms)
		EndReloadAssembly (907ms)
			LoadAssemblies (82ms)
			RebuildTransferFunctionScriptingTraits (0ms)
			SetupTypeCache (316ms)
			ReleaseScriptCaches (1ms)
			RebuildScriptCaches (47ms)
			SetupLoadedEditorAssemblies (338ms)
				LogAssemblyErrors (0ms)
				InitializePlatformSupportModulesInManaged (4ms)
				SetLoadedEditorAssemblies (0ms)
				RefreshPlugins (51ms)
				BeforeProcessingInitializeOnLoad (79ms)
				ProcessInitializeOnLoadAttributes (194ms)
				ProcessInitializeOnLoadMethodAttributes (4ms)
				AfterProcessingInitializeOnLoad (6ms)
				EditorAssembliesLoaded (0ms)
			ExecutionOrderSort2 (0ms)
			AwakeInstancesAfterBackupRestoration (6ms)
Platform modules already initialized, skipping
========================================================================
Worker process is ready to serve import requests
Launched and connected shader compiler UnityShaderCompiler.exe after 0.24 seconds
Refreshing native plugins compatible for Editor in 0.50 ms, found 2 plugins.
Preloading 0 native plugins for Editor in 0.00 ms.
Unloading 2736 Unused Serialized files (Serialized files now loaded: 0)
System memory in use before: 136.2 MB.
System memory in use after: 136.4 MB.

Unloading 17 unused Assets to reduce memory usage. Loaded Objects now: 3195.
Total: 3.162200 ms (FindLiveObjects: 0.260300 ms CreateObjectMapping: 0.154500 ms MarkObjects: 2.660200 ms  DeleteObjects: 0.086100 ms)

AssetImportParameters requested are different than current active one (requested -> active):
  custom:framework-win-MediaFoundation: 216162199b28c13a410421893ffa2e32 -> 
  custom:video-decoder-ogg-theora: a1e56fd34408186e4bbccfd4996cb3dc -> 
  custom:container-muxer-webm: aa71ff27fc2769a1b78a27578f13a17b -> 
  custom:container-demuxer-webm: 4f35f7cbe854078d1ac9338744f61a02 -> 
  custom:container-demuxer-ogg: 62fdf1f143b41e24485cea50d1cbac27 -> 
  custom:video-encoder-webm-vp8: eb34c28f22e8b96e1ab97ce403110664 -> 
  custom:video-decoder-webm-vp8: 9c59270c3fd7afecdb556c50c9e8de78 -> 
  custom:audio-decoder-ogg-vorbis: bf7c407c2cedff20999df2af8eb42d56 -> 
  custom:audio-encoder-webm-vorbis: bf7c407c2cedff20999df2af8eb42d56 -> 
========================================================================
Received Import Request.
  path: Assets/Scenes/Development scenes/Ashley's scene
  artifactKey: Guid(f29b0235a8f049a4aad42105c5b25406) Importer(815301076,1909f56bfc062723c751e8b465ee728b)
Start importing Assets/Scenes/Development scenes/Ashley's scene using Guid(f29b0235a8f049a4aad42105c5b25406) Importer(815301076,1909f56bfc062723c751e8b465ee728b)  -> (artifact id: 'aa487dcc2fcf7e892f8082ae02776bbd') in 0.043959 seconds 
  Import took 0.080831 seconds .

========================================================================
Received Import Request.
  Time since last request: 2.357964 seconds.
  path: Assets/Scenes/Development scenes/Josiah's scene
  artifactKey: Guid(1078f481e65d1c5428bb21c6f348b7af) Importer(815301076,1909f56bfc062723c751e8b465ee728b)
Start importing Assets/Scenes/Development scenes/Josiah's scene using Guid(1078f481e65d1c5428bb21c6f348b7af) Importer(815301076,1909f56bfc062723c751e8b465ee728b)  -> (artifact id: 'd0d108119470a4bfc01e946cc9acce50') in 0.005798 seconds 
  Import took 0.035247 seconds .

========================================================================
Received Import Request.
  Time since last request: 1.694045 seconds.
  path: Assets/Scenes/Development scenes/Josiah's scene/Test scene
  artifactKey: Guid(d04d4be60c3f19542a1d2e9e291597d7) Importer(815301076,1909f56bfc062723c751e8b465ee728b)
Start importing Assets/Scenes/Development scenes/Josiah's scene/Test scene using Guid(d04d4be60c3f19542a1d2e9e291597d7) Importer(815301076,1909f56bfc062723c751e8b465ee728b)  -> (artifact id: '9aa762af125a32b793746581767ceead') in 0.005544 seconds 
  Import took 0.019728 seconds .

========================================================================
Received Import Request.
  Time since last request: 0.035927 seconds.
  path: Assets/Scenes/Development scenes/Josiah's scene/Test scene/NavMesh.asset
  artifactKey: Guid(dd223fa26fd6dcd48a0b1805fbffcdef) Importer(815301076,1909f56bfc062723c751e8b465ee728b)
Start importing Assets/Scenes/Development scenes/Josiah's scene/Test scene/NavMesh.asset using Guid(dd223fa26fd6dcd48a0b1805fbffcdef) Importer(815301076,1909f56bfc062723c751e8b465ee728b)  -> (artifact id: 'a7446445c451b20527301465833e1c37') in 0.057951 seconds 
  Import took 0.079664 seconds .

========================================================================
Received Import Request.
  Time since last request: 7.202436 seconds.
  path: Assets/Scenes/Development scenes/Ashley's scene/GraphScene.unity
  artifactKey: Guid(23f1c8d74cafb924a86a0a8efe78c821) Importer(815301076,1909f56bfc062723c751e8b465ee728b)
Start importing Assets/Scenes/Development scenes/Ashley's scene/GraphScene.unity using Guid(23f1c8d74cafb924a86a0a8efe78c821) Importer(815301076,1909f56bfc062723c751e8b465ee728b)  -> (artifact id: '0ff2fe89919ee8b1becf1293c091d3d1') in 0.005182 seconds 
  Import took 0.010245 seconds .

========================================================================
Received Import Request.
  Time since last request: 21.143808 seconds.
  path: Assets/Scenes/Development scenes/Jonny's scene
  artifactKey: Guid(a559211659be6e94b822600e1582fd78) Importer(815301076,1909f56bfc062723c751e8b465ee728b)
Start importing Assets/Scenes/Development scenes/Jonny's scene using Guid(a559211659be6e94b822600e1582fd78) Importer(815301076,1909f56bfc062723c751e8b465ee728b)  -> (artifact id: '31a79bc58a305cbe390e942be5dd35b6') in 0.004409 seconds 
  Import took 0.019274 seconds .

========================================================================
Received Import Request.
  Time since last request: 12.668429 seconds.
  path: Assets/Scenes/Development scenes/Environment_scene
  artifactKey: Guid(e386ca1058a968e4baa1334c87e7cbba) Importer(815301076,1909f56bfc062723c751e8b465ee728b)
Start importing Assets/Scenes/Development scenes/Environment_scene using Guid(e386ca1058a968e4baa1334c87e7cbba) Importer(815301076,1909f56bfc062723c751e8b465ee728b)  -> (artifact id: 'b817480c1b2794d8e877dcd5a827b02c') in 0.005489 seconds 
  Import took 0.010113 seconds .

========================================================================
Received Import Request.
  Time since last request: 13.928811 seconds.
  path: Assets/Scenes/Development scenes/debugging scene
  artifactKey: Guid(1078f481e65d1c5428bb21c6f348b7af) Importer(815301076,1909f56bfc062723c751e8b465ee728b)
Start importing Assets/Scenes/Development scenes/debugging scene using Guid(1078f481e65d1c5428bb21c6f348b7af) Importer(815301076,1909f56bfc062723c751e8b465ee728b)  -> (artifact id: '02c4a639f873686829ff02ab4be0d6ee') in 0.005144 seconds 
  Import took 0.009420 seconds .

========================================================================
Received Import Request.
  Time since last request: 0.738072 seconds.
  path: Assets/Scenes/Development scenes/Test scene.unity
  artifactKey: Guid(5923e214daf226e43bec127c64f6c437) Importer(815301076,1909f56bfc062723c751e8b465ee728b)
Start importing Assets/Scenes/Development scenes/Test scene.unity using Guid(5923e214daf226e43bec127c64f6c437) Importer(815301076,1909f56bfc062723c751e8b465ee728b)  -> (artifact id: 'fdca415625b29c8d36a2b5c833bb685c') in 0.004766 seconds 
  Import took 0.014512 seconds .

========================================================================
Received Prepare
Registering precompiled user dll's ...
Registered in 0.002106 seconds.
Begin MonoManager ReloadAssembly
Native extension for WindowsStandalone target not found
Refreshing native plugins compatible for Editor in 0.48 ms, found 2 plugins.
Preloading 0 native plugins for Editor in 0.00 ms.
Mono: successfully reloaded assembly
- Completed reload, in  0.950 seconds
Domain Reload Profiling:
	ReloadAssembly (951ms)
		BeginReloadAssembly (105ms)
			ExecutionOrderSort (0ms)
			DisableScriptedObjects (5ms)
			BackupInstance (0ms)
			ReleaseScriptingObjects (0ms)
			CreateAndSetChildDomain (34ms)
		EndReloadAssembly (788ms)
			LoadAssemblies (81ms)
			RebuildTransferFunctionScriptingTraits (0ms)
			SetupTypeCache (289ms)
			ReleaseScriptCaches (1ms)
			RebuildScriptCaches (38ms)
			SetupLoadedEditorAssemblies (284ms)
				LogAssemblyErrors (0ms)
				InitializePlatformSupportModulesInManaged (5ms)
				SetLoadedEditorAssemblies (0ms)
				RefreshPlugins (1ms)
				BeforeProcessingInitializeOnLoad (79ms)
				ProcessInitializeOnLoadAttributes (190ms)
				ProcessInitializeOnLoadMethodAttributes (4ms)
				AfterProcessingInitializeOnLoad (6ms)
				EditorAssembliesLoaded (0ms)
			ExecutionOrderSort2 (0ms)
			AwakeInstancesAfterBackupRestoration (6ms)
Platform modules already initialized, skipping
Refreshing native plugins compatible for Editor in 0.95 ms, found 2 plugins.
Preloading 0 native plugins for Editor in 0.00 ms.
Unloading 2658 Unused Serialized files (Serialized files now loaded: 0)
System memory in use before: 128.9 MB.
System memory in use after: 129.1 MB.

Unloading 12 unused Assets to reduce memory usage. Loaded Objects now: 3197.
Total: 3.411300 ms (FindLiveObjects: 0.225500 ms CreateObjectMapping: 0.116600 ms MarkObjects: 3.026800 ms  DeleteObjects: 0.041300 ms)

AssetImportParameters requested are different than current active one (requested -> active):
  custom:framework-win-MediaFoundation: 216162199b28c13a410421893ffa2e32 -> 
  custom:video-decoder-ogg-theora: a1e56fd34408186e4bbccfd4996cb3dc -> 
  custom:container-muxer-webm: aa71ff27fc2769a1b78a27578f13a17b -> 
  custom:container-demuxer-webm: 4f35f7cbe854078d1ac9338744f61a02 -> 
  custom:container-demuxer-ogg: 62fdf1f143b41e24485cea50d1cbac27 -> 
  custom:video-encoder-webm-vp8: eb34c28f22e8b96e1ab97ce403110664 -> 
  custom:video-decoder-webm-vp8: 9c59270c3fd7afecdb556c50c9e8de78 -> 
  custom:audio-decoder-ogg-vorbis: bf7c407c2cedff20999df2af8eb42d56 -> 
  custom:audio-encoder-webm-vorbis: bf7c407c2cedff20999df2af8eb42d56 -> 
========================================================================
Received Import Request.
  Time since last request: 21.770789 seconds.
  path: Assets/Scenes/Development scenes/Environment_scene/Terrain.unity
  artifactKey: Guid(0eed3196ced398d4cac14ea985fe5bf0) Importer(815301076,1909f56bfc062723c751e8b465ee728b)
Start importing Assets/Scenes/Development scenes/Environment_scene/Terrain.unity using Guid(0eed3196ced398d4cac14ea985fe5bf0) Importer(815301076,1909f56bfc062723c751e8b465ee728b)  -> (artifact id: 'cfb09f090537c1ba0c54ab0583265b03') in 0.014345 seconds 
  Import took 0.018857 seconds .

========================================================================
Received Import Request.
  Time since last request: 4.970087 seconds.
  path: Assets/Scenes/Development scenes/Environment_scene/dupe.unity
  artifactKey: Guid(111cfe5ac39d0624194a2135f09439de) Importer(815301076,1909f56bfc062723c751e8b465ee728b)
Start importing Assets/Scenes/Development scenes/Environment_scene/dupe.unity using Guid(111cfe5ac39d0624194a2135f09439de) Importer(815301076,1909f56bfc062723c751e8b465ee728b)  -> (artifact id: '65eb66c1adceade0248b72391557c0ec') in 0.004710 seconds 
  Import took 0.170539 seconds .

========================================================================
Received Prepare
Registering precompiled user dll's ...
Registered in 0.001907 seconds.
Begin MonoManager ReloadAssembly
Native extension for WindowsStandalone target not found
Refreshing native plugins compatible for Editor in 0.49 ms, found 2 plugins.
Preloading 0 native plugins for Editor in 0.00 ms.
Mono: successfully reloaded assembly
- Completed reload, in  0.974 seconds
Domain Reload Profiling:
	ReloadAssembly (974ms)
		BeginReloadAssembly (107ms)
			ExecutionOrderSort (0ms)
			DisableScriptedObjects (4ms)
			BackupInstance (0ms)
			ReleaseScriptingObjects (0ms)
			CreateAndSetChildDomain (33ms)
		EndReloadAssembly (810ms)
			LoadAssemblies (80ms)
			RebuildTransferFunctionScriptingTraits (0ms)
			SetupTypeCache (295ms)
			ReleaseScriptCaches (1ms)
			RebuildScriptCaches (39ms)
			SetupLoadedEditorAssemblies (298ms)
				LogAssemblyErrors (0ms)
				InitializePlatformSupportModulesInManaged (5ms)
				SetLoadedEditorAssemblies (0ms)
				RefreshPlugins (1ms)
				BeforeProcessingInitializeOnLoad (81ms)
				ProcessInitializeOnLoadAttributes (201ms)
				ProcessInitializeOnLoadMethodAttributes (4ms)
				AfterProcessingInitializeOnLoad (5ms)
				EditorAssembliesLoaded (0ms)
			ExecutionOrderSort2 (0ms)
			AwakeInstancesAfterBackupRestoration (7ms)
Platform modules already initialized, skipping
Refreshing native plugins compatible for Editor in 0.52 ms, found 2 plugins.
Preloading 0 native plugins for Editor in 0.00 ms.
Unloading 2658 Unused Serialized files (Serialized files now loaded: 0)
System memory in use before: 128.9 MB.
System memory in use after: 129.2 MB.

Unloading 12 unused Assets to reduce memory usage. Loaded Objects now: 3199.
Total: 3.132600 ms (FindLiveObjects: 0.231000 ms CreateObjectMapping: 0.113700 ms MarkObjects: 2.769400 ms  DeleteObjects: 0.017400 ms)

AssetImportParameters requested are different than current active one (requested -> active):
  custom:framework-win-MediaFoundation: 216162199b28c13a410421893ffa2e32 -> 
  custom:video-decoder-ogg-theora: a1e56fd34408186e4bbccfd4996cb3dc -> 
  custom:container-muxer-webm: aa71ff27fc2769a1b78a27578f13a17b -> 
  custom:container-demuxer-webm: 4f35f7cbe854078d1ac9338744f61a02 -> 
  custom:container-demuxer-ogg: 62fdf1f143b41e24485cea50d1cbac27 -> 
  custom:video-encoder-webm-vp8: eb34c28f22e8b96e1ab97ce403110664 -> 
  custom:video-decoder-webm-vp8: 9c59270c3fd7afecdb556c50c9e8de78 -> 
  custom:audio-decoder-ogg-vorbis: bf7c407c2cedff20999df2af8eb42d56 -> 
  custom:audio-encoder-webm-vorbis: bf7c407c2cedff20999df2af8eb42d56 -> 
